<?xml version="1.0" encoding="UTF-8"?>
<!-- Generated by org.testng.reporters.JUnitReportReporter -->
<testsuite hostname="LAPTOP-DU0JBF3V" failures="0" tests="1" name="com.internet_Banking_Projects_testCases.TC_004_NewCustmerTest" time="10.480" errors="0" timestamp="24 Mar 2025 05:55:49 GMT" skipped="0">
  <testcase classname="com.internet_Banking_Projects_testCases.TC_004_NewCustmerTest" name="verifyAddNewCustmer" time="10.480"/>
</testsuite> <!-- com.internet_Banking_Projects_testCases.TC_004_NewCustmerTest -->
